<?xml version="1.0" encoding="UTF-8"?>
<!-- Generated by org.testng.reporters.JUnitXMLReporter -->
<testsuite ignored="2" hostname="DESKTOP-83U9K5D" failures="0" tests="7" name="Test" time="13.855" errors="0" timestamp="2023-02-14T15:24:47 IST">
  <testcase classname="Test.PIMTest" name="verifyPimPageTitle" time="1.719"/>
  <testcase classname="Test.PIMTest" name="verifyEmpSearchEmpId" time="0.143"/>
  <testcase classname="Test.PIMTest" name="TestIngChanges" time="0.0"/>
  <testcase classname="Test.LoginTest" name="verifyBuildTitleofpage" time="0.038"/>
  <testcase classname="Test.LoginTest" name="verifytitleofloginpage" time="0.275"/>
  <testcase classname="Test.LoginTest" name="verifyCurrenturlofpage" time="0.009"/>
  <testcase classname="Test.LoginTest" name="verifyLoginwithCorrectcredentials" time="1.644"/>
  <testcase classname="Test.BaseTest" name="@BeforeSuite intiBrowser" time="0.0">
    <ignored/>
  </testcase> <!-- @BeforeSuite intiBrowser -->
  <testcase classname="Test.BaseTest" name="@AfterSuite logoutUser" time="0.0">
    <ignored/>
  </testcase> <!-- @AfterSuite logoutUser -->
</testsuite> <!-- Test -->
