<?xml version="1.0" encoding="UTF-8"?>
<testng-results ignored="2" total="9" passed="7" failed="0" skipped="0">
  <reporter-output>
  </reporter-output>
  <suite started-at="2023-02-14T14:43:35 IST" name="Suite" finished-at="2023-02-14T14:43:48 IST" duration-ms="12906">
    <groups>
      <group name="regression">
        <method signature="LoginTest.verifyBuildTitleofpage()[pri:-1, instance:Test.LoginTest@202b0582]" name="verifyBuildTitleofpage" class="Test.LoginTest"/>
        <method signature="LoginTest.verifytitleofloginpage()[pri:0, instance:Test.LoginTest@202b0582]" name="verifytitleofloginpage" class="Test.LoginTest"/>
        <method signature="LoginTest.verifyCurrenturlofpage()[pri:1, instance:Test.LoginTest@202b0582]" name="verifyCurrenturlofpage" class="Test.LoginTest"/>
        <method signature="LoginTest.verifyLoginwithCorrectcredentials()[pri:3, instance:Test.LoginTest@202b0582]" name="verifyLoginwithCorrectcredentials" class="Test.LoginTest"/>
        <method signature="PIMTest.verifyPimPageTitle()[pri:3, instance:Test.PIMTest@793f29ff]" name="verifyPimPageTitle" class="Test.PIMTest"/>
        <method signature="PIMTest.verifyEmpSearchEmpId()[pri:4, instance:Test.PIMTest@793f29ff]" name="verifyEmpSearchEmpId" class="Test.PIMTest"/>
        <method signature="PIMTest.TestIngChanges()[pri:5, instance:Test.PIMTest@793f29ff]" name="TestIngChanges" class="Test.PIMTest"/>
      </group> <!-- regression -->
      <group name="smoke">
        <method signature="PIMTest.verifyPimPageTitle()[pri:3, instance:Test.PIMTest@793f29ff]" name="verifyPimPageTitle" class="Test.PIMTest"/>
        <method signature="PIMTest.verifyEmpSearchEmpId()[pri:4, instance:Test.PIMTest@793f29ff]" name="verifyEmpSearchEmpId" class="Test.PIMTest"/>
        <method signature="PIMTest.TestIngChanges()[pri:5, instance:Test.PIMTest@793f29ff]" name="TestIngChanges" class="Test.PIMTest"/>
      </group> <!-- smoke -->
      <group name="Smoke">
        <method signature="LoginTest.verifyBuildTitleofpage()[pri:-1, instance:Test.LoginTest@202b0582]" name="verifyBuildTitleofpage" class="Test.LoginTest"/>
        <method signature="LoginTest.verifytitleofloginpage()[pri:0, instance:Test.LoginTest@202b0582]" name="verifytitleofloginpage" class="Test.LoginTest"/>
        <method signature="LoginTest.verifyCurrenturlofpage()[pri:1, instance:Test.LoginTest@202b0582]" name="verifyCurrenturlofpage" class="Test.LoginTest"/>
        <method signature="LoginTest.verifyLoginwithCorrectcredentials()[pri:3, instance:Test.LoginTest@202b0582]" name="verifyLoginwithCorrectcredentials" class="Test.LoginTest"/>
      </group> <!-- Smoke -->
    </groups>
    <test started-at="2023-02-14T14:43:35 IST" name="Test" finished-at="2023-02-14T14:43:48 IST" duration-ms="12906">
      <class name="Test.PIMTest">
        <test-method is-config="true" signature="intiBrowser()[pri:0, instance:Test.PIMTest@793f29ff]" started-at="2023-02-14T14:42:41 IST" name="intiBrowser" finished-at="2023-02-14T14:43:35 IST" duration-ms="54822" status="PASS">
          <reporter-output>
          </reporter-output>
        </test-method> <!-- intiBrowser -->
        <test-method is-config="true" signature="pageObjects()[pri:0, instance:Test.PIMTest@793f29ff]" started-at="2023-02-14T14:43:35 IST" name="pageObjects" finished-at="2023-02-14T14:43:35 IST" duration-ms="26" status="PASS">
          <reporter-output>
          </reporter-output>
        </test-method> <!-- pageObjects -->
        <test-method is-config="true" signature="Login()[pri:0, instance:Test.PIMTest@793f29ff]" started-at="2023-02-14T14:43:35 IST" name="Login" finished-at="2023-02-14T14:43:38 IST" duration-ms="2767" status="PASS">
          <reporter-output>
          </reporter-output>
        </test-method> <!-- Login -->
        <test-method signature="verifyPimPageTitle()[pri:3, instance:Test.PIMTest@793f29ff]" started-at="2023-02-14T14:43:38 IST" name="verifyPimPageTitle" finished-at="2023-02-14T14:43:40 IST" duration-ms="2120" status="PASS">
          <reporter-output>
          </reporter-output>
        </test-method> <!-- verifyPimPageTitle -->
        <test-method signature="verifyEmpSearchEmpId()[pri:4, instance:Test.PIMTest@793f29ff]" started-at="2023-02-14T14:43:40 IST" name="verifyEmpSearchEmpId" finished-at="2023-02-14T14:43:40 IST" duration-ms="130" status="PASS">
          <reporter-output>
          </reporter-output>
        </test-method> <!-- verifyEmpSearchEmpId -->
        <test-method signature="TestIngChanges()[pri:5, instance:Test.PIMTest@793f29ff]" started-at="2023-02-14T14:43:40 IST" name="TestIngChanges" finished-at="2023-02-14T14:43:40 IST" duration-ms="0" status="PASS">
          <reporter-output>
          </reporter-output>
        </test-method> <!-- TestIngChanges -->
        <test-method is-config="true" signature="logOutUser()[pri:0, instance:Test.PIMTest@793f29ff]" started-at="2023-02-14T14:43:40 IST" name="logOutUser" finished-at="2023-02-14T14:43:43 IST" duration-ms="2276" status="PASS">
          <reporter-output>
          </reporter-output>
        </test-method> <!-- logOutUser -->
        <test-method is-config="true" signature="logoutUser()[pri:0, instance:Test.PIMTest@793f29ff]" started-at="2023-02-14T14:43:48 IST" name="logoutUser" finished-at="2023-02-14T14:43:49 IST" duration-ms="264" status="PASS">
          <reporter-output>
          </reporter-output>
        </test-method> <!-- logoutUser -->
      </class> <!-- Test.PIMTest -->
      <class name="Test.LoginTest">
        <test-method is-config="true" signature="pageObjects()[pri:0, instance:Test.LoginTest@202b0582]" started-at="2023-02-14T14:43:43 IST" name="pageObjects" finished-at="2023-02-14T14:43:43 IST" duration-ms="1" status="PASS">
          <reporter-output>
          </reporter-output>
        </test-method> <!-- pageObjects -->
        <test-method signature="verifyBuildTitleofpage()[pri:-1, instance:Test.LoginTest@202b0582]" started-at="2023-02-14T14:43:43 IST" name="verifyBuildTitleofpage" finished-at="2023-02-14T14:43:43 IST" duration-ms="216" status="PASS">
          <reporter-output>
          </reporter-output>
        </test-method> <!-- verifyBuildTitleofpage -->
        <test-method signature="verifytitleofloginpage()[pri:0, instance:Test.LoginTest@202b0582]" started-at="2023-02-14T14:43:43 IST" name="verifytitleofloginpage" finished-at="2023-02-14T14:43:43 IST" duration-ms="336" status="PASS">
          <reporter-output>
          </reporter-output>
        </test-method> <!-- verifytitleofloginpage -->
        <test-method signature="verifyCurrenturlofpage()[pri:1, instance:Test.LoginTest@202b0582]" started-at="2023-02-14T14:43:43 IST" name="verifyCurrenturlofpage" finished-at="2023-02-14T14:43:43 IST" duration-ms="12" status="PASS">
          <reporter-output>
          </reporter-output>
        </test-method> <!-- verifyCurrenturlofpage -->
        <test-method signature="verifyLoginwithCorrectcredentials()[pri:3, instance:Test.LoginTest@202b0582]" started-at="2023-02-14T14:43:43 IST" name="verifyLoginwithCorrectcredentials" finished-at="2023-02-14T14:43:45 IST" duration-ms="1551" status="PASS">
          <reporter-output>
          </reporter-output>
        </test-method> <!-- verifyLoginwithCorrectcredentials -->
        <test-method is-config="true" signature="logOutUser()[pri:0, instance:Test.LoginTest@202b0582]" started-at="2023-02-14T14:43:45 IST" name="logOutUser" finished-at="2023-02-14T14:43:48 IST" duration-ms="3406" status="PASS">
          <reporter-output>
          </reporter-output>
        </test-method> <!-- logOutUser -->
      </class> <!-- Test.LoginTest -->
    </test> <!-- Test -->
  </suite> <!-- Suite -->
</testng-results>
