<?xml version="1.0" encoding="UTF-8"?>
<testng-results ignored="2" total="9" passed="7" failed="0" skipped="0">
  <reporter-output>
  </reporter-output>
  <suite started-at="2023-02-14T15:24:33 IST" name="Suite" finished-at="2023-02-14T15:24:47 IST" duration-ms="13855">
    <groups>
      <group name="regression">
        <method signature="LoginTest.verifyBuildTitleofpage()[pri:-1, instance:Test.LoginTest@4b741d6d]" name="verifyBuildTitleofpage" class="Test.LoginTest"/>
        <method signature="LoginTest.verifytitleofloginpage()[pri:0, instance:Test.LoginTest@4b741d6d]" name="verifytitleofloginpage" class="Test.LoginTest"/>
        <method signature="LoginTest.verifyCurrenturlofpage()[pri:1, instance:Test.LoginTest@4b741d6d]" name="verifyCurrenturlofpage" class="Test.LoginTest"/>
        <method signature="LoginTest.verifyLoginwithCorrectcredentials()[pri:3, instance:Test.LoginTest@4b741d6d]" name="verifyLoginwithCorrectcredentials" class="Test.LoginTest"/>
        <method signature="PIMTest.verifyPimPageTitle()[pri:3, instance:Test.PIMTest@2e8c1c9b]" name="verifyPimPageTitle" class="Test.PIMTest"/>
        <method signature="PIMTest.verifyEmpSearchEmpId()[pri:4, instance:Test.PIMTest@2e8c1c9b]" name="verifyEmpSearchEmpId" class="Test.PIMTest"/>
        <method signature="PIMTest.TestIngChanges()[pri:5, instance:Test.PIMTest@2e8c1c9b]" name="TestIngChanges" class="Test.PIMTest"/>
      </group> <!-- regression -->
      <group name="smoke">
        <method signature="PIMTest.verifyPimPageTitle()[pri:3, instance:Test.PIMTest@2e8c1c9b]" name="verifyPimPageTitle" class="Test.PIMTest"/>
        <method signature="PIMTest.verifyEmpSearchEmpId()[pri:4, instance:Test.PIMTest@2e8c1c9b]" name="verifyEmpSearchEmpId" class="Test.PIMTest"/>
        <method signature="PIMTest.TestIngChanges()[pri:5, instance:Test.PIMTest@2e8c1c9b]" name="TestIngChanges" class="Test.PIMTest"/>
      </group> <!-- smoke -->
      <group name="Smoke">
        <method signature="LoginTest.verifyBuildTitleofpage()[pri:-1, instance:Test.LoginTest@4b741d6d]" name="verifyBuildTitleofpage" class="Test.LoginTest"/>
        <method signature="LoginTest.verifytitleofloginpage()[pri:0, instance:Test.LoginTest@4b741d6d]" name="verifytitleofloginpage" class="Test.LoginTest"/>
        <method signature="LoginTest.verifyCurrenturlofpage()[pri:1, instance:Test.LoginTest@4b741d6d]" name="verifyCurrenturlofpage" class="Test.LoginTest"/>
        <method signature="LoginTest.verifyLoginwithCorrectcredentials()[pri:3, instance:Test.LoginTest@4b741d6d]" name="verifyLoginwithCorrectcredentials" class="Test.LoginTest"/>
      </group> <!-- Smoke -->
    </groups>
    <test started-at="2023-02-14T15:24:33 IST" name="Test" finished-at="2023-02-14T15:24:47 IST" duration-ms="13855">
      <class name="Test.PIMTest">
        <test-method is-config="true" signature="intiBrowser()[pri:0, instance:Test.PIMTest@2e8c1c9b]" started-at="2023-02-14T15:23:43 IST" name="intiBrowser" finished-at="2023-02-14T15:24:33 IST" duration-ms="50322" status="PASS">
          <reporter-output>
          </reporter-output>
        </test-method> <!-- intiBrowser -->
        <test-method is-config="true" signature="pageObjects()[pri:0, instance:Test.PIMTest@2e8c1c9b]" started-at="2023-02-14T15:24:33 IST" name="pageObjects" finished-at="2023-02-14T15:24:33 IST" duration-ms="17" status="PASS">
          <reporter-output>
          </reporter-output>
        </test-method> <!-- pageObjects -->
        <test-method is-config="true" signature="Login()[pri:0, instance:Test.PIMTest@2e8c1c9b]" started-at="2023-02-14T15:24:33 IST" name="Login" finished-at="2023-02-14T15:24:37 IST" duration-ms="3751" status="PASS">
          <reporter-output>
          </reporter-output>
        </test-method> <!-- Login -->
        <test-method signature="verifyPimPageTitle()[pri:3, instance:Test.PIMTest@2e8c1c9b]" started-at="2023-02-14T15:24:37 IST" name="verifyPimPageTitle" finished-at="2023-02-14T15:24:39 IST" duration-ms="1719" status="PASS">
          <reporter-output>
          </reporter-output>
        </test-method> <!-- verifyPimPageTitle -->
        <test-method signature="verifyEmpSearchEmpId()[pri:4, instance:Test.PIMTest@2e8c1c9b]" started-at="2023-02-14T15:24:39 IST" name="verifyEmpSearchEmpId" finished-at="2023-02-14T15:24:39 IST" duration-ms="143" status="PASS">
          <reporter-output>
          </reporter-output>
        </test-method> <!-- verifyEmpSearchEmpId -->
        <test-method signature="TestIngChanges()[pri:5, instance:Test.PIMTest@2e8c1c9b]" started-at="2023-02-14T15:24:39 IST" name="TestIngChanges" finished-at="2023-02-14T15:24:39 IST" duration-ms="0" status="PASS">
          <reporter-output>
          </reporter-output>
        </test-method> <!-- TestIngChanges -->
        <test-method is-config="true" signature="logOutUser()[pri:0, instance:Test.PIMTest@2e8c1c9b]" started-at="2023-02-14T15:24:39 IST" name="logOutUser" finished-at="2023-02-14T15:24:41 IST" duration-ms="2455" status="PASS">
          <reporter-output>
          </reporter-output>
        </test-method> <!-- logOutUser -->
        <test-method is-config="true" signature="logoutUser()[pri:0, instance:Test.PIMTest@2e8c1c9b]" started-at="2023-02-14T15:24:47 IST" name="logoutUser" finished-at="2023-02-14T15:24:47 IST" duration-ms="328" status="PASS">
          <reporter-output>
          </reporter-output>
        </test-method> <!-- logoutUser -->
      </class> <!-- Test.PIMTest -->
      <class name="Test.LoginTest">
        <test-method is-config="true" signature="pageObjects()[pri:0, instance:Test.LoginTest@4b741d6d]" started-at="2023-02-14T15:24:41 IST" name="pageObjects" finished-at="2023-02-14T15:24:41 IST" duration-ms="2" status="PASS">
          <reporter-output>
          </reporter-output>
        </test-method> <!-- pageObjects -->
        <test-method signature="verifyBuildTitleofpage()[pri:-1, instance:Test.LoginTest@4b741d6d]" started-at="2023-02-14T15:24:41 IST" name="verifyBuildTitleofpage" finished-at="2023-02-14T15:24:41 IST" duration-ms="38" status="PASS">
          <reporter-output>
          </reporter-output>
        </test-method> <!-- verifyBuildTitleofpage -->
        <test-method signature="verifytitleofloginpage()[pri:0, instance:Test.LoginTest@4b741d6d]" started-at="2023-02-14T15:24:41 IST" name="verifytitleofloginpage" finished-at="2023-02-14T15:24:42 IST" duration-ms="275" status="PASS">
          <reporter-output>
          </reporter-output>
        </test-method> <!-- verifytitleofloginpage -->
        <test-method signature="verifyCurrenturlofpage()[pri:1, instance:Test.LoginTest@4b741d6d]" started-at="2023-02-14T15:24:42 IST" name="verifyCurrenturlofpage" finished-at="2023-02-14T15:24:42 IST" duration-ms="9" status="PASS">
          <reporter-output>
          </reporter-output>
        </test-method> <!-- verifyCurrenturlofpage -->
        <test-method signature="verifyLoginwithCorrectcredentials()[pri:3, instance:Test.LoginTest@4b741d6d]" started-at="2023-02-14T15:24:42 IST" name="verifyLoginwithCorrectcredentials" finished-at="2023-02-14T15:24:43 IST" duration-ms="1644" status="PASS">
          <reporter-output>
          </reporter-output>
        </test-method> <!-- verifyLoginwithCorrectcredentials -->
        <test-method is-config="true" signature="logOutUser()[pri:0, instance:Test.LoginTest@4b741d6d]" started-at="2023-02-14T15:24:43 IST" name="logOutUser" finished-at="2023-02-14T15:24:47 IST" duration-ms="3766" status="PASS">
          <reporter-output>
          </reporter-output>
        </test-method> <!-- logOutUser -->
      </class> <!-- Test.LoginTest -->
    </test> <!-- Test -->
  </suite> <!-- Suite -->
</testng-results>
